# Codenames Mobile — change log
# Every change is recorded here with its justification (newest at the bottom).

[2026-07-12] Web-parity batch 1 — bring the mobile client up to the web app's feature set.
  Justification: the mobile app was missing many controls/screens present on the web app; users
  asked for full parity ("each and every option, feature and functionality").

  - src/protocol.ts: added WORD_PACK_META and TIMER_OPTIONS (mirrors of the backend metadata) and the
      social DM types (PublicUser, DMView, ConversationView). Needed so the mobile lobby controls and
      DM UI use the same ids/labels the server expects.
  - src/hooks/useRoom.ts: added host lobby actions — setVariant, setWordPack, setTimer, setPrivate,
      resetTeams, randomizeTeams — emitting the existing server events (room:setVariant, room:setWordPack,
      settings:update, room:setPrivate, teams:reset, teams:randomize). These existed on web but not mobile.
  - src/components/Lobby.tsx: added a host-only "HOST CONTROLS" panel (game mode, word pack, turn timer,
      public/private, reset/randomize teams) matching the web lobby.
  - src/components/RulesModal.tsx (new): "How to play" modal, content mirrored from the web RulesModal.
  - src/screens/RoomScreen.tsx: added a Rules button in the room header that opens RulesModal.
  - src/auth.ts: added updateProfile() (PATCH /api/profile) so users can edit their display name; the
      reissued token is applied to the socket.
  - src/hooks/useSocial.ts: added DM actions — dmHistory, sendDm, markDmRead.
  - src/components/DMThread.tsx (new): direct-message conversation view with live delivery and
      sent/delivered/seen receipts, mirroring the web DM panel.
  - src/screens/AccountScreen.tsx: display-name editing UI; friends are now tappable to open a DM thread.

  Verification: `npx tsc --noEmit` passes (exit 0). On-device run pending (no simulator in this env).

[2026-07-12] APK distribution — make the app buildable into a publicly downloadable APK.
  Justification: user wants a sideloadable Android APK linked from the web app so anyone on the
  internet can download it (separate from the Play/App Store listings). EAS cloud build produces a
  public artifact URL; the web app's download button already reads NEXT_PUBLIC_APK_URL.
  - app.json: added android.versionCode (1) and ios.buildNumber ("1") so version metadata is explicit
      for release builds.
  - eas.json: switched cli.appVersionSource from "remote" to "local" so the first `eas build` reads the
      version from app.json without an interactive remote-version prompt.
  - BUILD_AND_PUBLISH.md (new): step-by-step to log in, init the Expo project, build the preview APK,
      and wire the resulting artifact URL into the web app via NEXT_PUBLIC_APK_URL.
  Note: the actual `eas build` requires an interactive Expo login and cannot be run in this environment;
  the user runs it on their machine. No APK binary is committed (artifacts are hosted by EAS/Expo).
